#
# There is insufficient memory for the Java Runtime Environment to continue.
# Native memory allocation (mmap) failed to map 65536 bytes for Failed to commit area from 0x000001bcd04d0000 to 0x000001bcd04e0000 of length 65536.
# Possible reasons:
#   The system is out of physical RAM or swap space
#   The process is running with CompressedOops enabled, and the Java Heap may be blocking the growth of the native heap
# Possible solutions:
#   Reduce memory load on the system
#   Increase physical memory or swap space
#   Check if swap backing store is full
#   Decrease Java heap size (-Xmx/-Xms)
#   Decrease number of Java threads
#   Decrease Java thread stack sizes (-Xss)
#   Set larger code cache with -XX:ReservedCodeCacheSize=
# This output file may be truncated or incomplete.
#
#  Out of Memory Error (./src/hotspot/os/windows/os_windows.cpp:3619), pid=6380, tid=11984
#
# JRE version:  (11.0.13) (build )
# Java VM: OpenJDK 64-Bit Server VM (11.0.13+0-b1751.21-8125866, mixed mode, sharing, tiered, compressed oops, g1 gc, windows-amd64)
# No core dump will be written. Minidumps are not enabled by default on client versions of Windows
#

---------------  S U M M A R Y ------------

Command Line: git4idea.http.GitAskPassApp Username for 'https://github.com': 

Host: Intel(R) Core(TM) i5-10300H CPU @ 2.50GHz, 8 cores, 7G,  Windows 11 , 64 bit Build 22000 (10.0.22000.120)
Time: Sat Dec 24 03:20:16 2022 W. Central Africa Standard Time elapsed time: 0.012152 seconds (0d 0h 0m 0s)

---------------  T H R E A D  ---------------

Current thread (0x000001bcba9be000):  JavaThread "Unknown thread" [_thread_in_vm, id=11984, stack(0x00000089dbc00000,0x00000089dbd00000)]

Stack: [0x00000089dbc00000,0x00000089dbd00000]
Native frames: (J=compiled Java code, j=interpreted, Vv=VM code, C=native code)
V  [jvm.dll+0x6100fa]
V  [jvm.dll+0x747090]
V  [jvm.dll+0x7486ad]
V  [jvm.dll+0x748d83]
V  [jvm.dll+0x24ab48]
V  [jvm.dll+0x60d164]
V  [jvm.dll+0x601e75]
V  [jvm.dll+0x308bdb]
V  [jvm.dll+0x308b4a]
V  [jvm.dll+0x308a22]
V  [jvm.dll+0x30da95]
V  [jvm.dll+0x3570b7]
V  [jvm.dll+0x357796]
V  [jvm.dll+0x357193]
V  [jvm.dll+0x2e3448]
V  [jvm.dll+0x2e45f7]
V  [jvm.dll+0x7242e7]
V  [jvm.dll+0x725adc]
V  [jvm.dll+0x364629]
V  [jvm.dll+0x707cee]
V  [jvm.dll+0x3d2633]
V  [jvm.dll+0x3d4a21]
C  [jli.dll+0x536b]
C  [ucrtbase.dll+0x26c0c]
C  [KERNEL32.DLL+0x154e0]
C  [ntdll.dll+0x485b]


---------------  P R O C E S S  ---------------

Threads class SMR info:
_java_thread_list=0x000001bcb8720a70, length=0, elements={
}

Java Threads: ( => current thread )

Other Threads:
  0x000001bcba9d7000 GCTaskThread "GC Thread#0" [stack: 0x00000089dbd00000,0x00000089dbe00000] [id=12692]
  0x000001bcbaa08000 ConcurrentGCThread "G1 Main Marker" [stack: 0x00000089dbe00000,0x00000089dbf00000] [id=12008]
  0x000001bcbaa09800 ConcurrentGCThread "G1 Conc#0" [stack: 0x00000089dbf00000,0x00000089dc000000] [id=16152]

[error occurred during error reporting (printing all threads), id 0xc0000005, EXCEPTION_ACCESS_VIOLATION (0xc0000005) at pc=0x00007ffdcedb3dd7]

VM state:not at safepoint (not fully initialized)

VM Mutex/Monitor currently owned by a thread:  ([mutex/lock_event])
[0x000001bcba9bad40] Heap_lock - owner thread: 0x000001bcba9be000

Heap address: 0x0000000082c00000, size: 2004 MB, Compressed Oops mode: Non-zero based: 0x0000000082c00000
Narrow klass base: 0x0000000000000000, Narrow klass shift: 0

GC Heap History (0 events):
No events

Deoptimization events (0 events):
No events

Classes redefined (0 events):
No events

Internal exceptions (0 events):
No events

Events (1 events):
Event: 0.006 Loaded shared library C:\Program Files\Android\Android Studio1\jre\bin\zip.dll


Dynamic libraries:
0x00007ff752220000 - 0x00007ff75222a000 	C:\Program Files\Android\Android Studio1\jre\bin\java.exe
0x00007ffe38700000 - 0x00007ffe38907000 	C:\Windows\SYSTEM32\ntdll.dll
0x00007ffe37ac0000 - 0x00007ffe37b7d000 	C:\Windows\System32\KERNEL32.DLL
0x00007ffe35dc0000 - 0x00007ffe36134000 	C:\Windows\System32\KERNELBASE.dll
0x00007ffe36470000 - 0x00007ffe36581000 	C:\Windows\System32\ucrtbase.dll
0x00007ffe2a6e0000 - 0x00007ffe2a6f9000 	C:\Program Files\Android\Android Studio1\jre\bin\jli.dll
0x00007ffe366e0000 - 0x00007ffe3688c000 	C:\Windows\System32\USER32.dll
0x00007ffe1da30000 - 0x00007ffe1da47000 	C:\Program Files\Android\Android Studio1\jre\bin\VCRUNTIME140.dll
0x00007ffe19e00000 - 0x00007ffe1a0a5000 	C:\Windows\WinSxS\amd64_microsoft.windows.common-controls_6595b64144ccf1df_6.0.22000.120_none_9d947278b86cc467\COMCTL32.dll
0x00007ffe36330000 - 0x00007ffe36356000 	C:\Windows\System32\win32u.dll
0x00007ffe366b0000 - 0x00007ffe366d9000 	C:\Windows\System32\GDI32.dll
0x00007ffe38080000 - 0x00007ffe38123000 	C:\Windows\System32\msvcrt.dll
0x00007ffe35ca0000 - 0x00007ffe35db2000 	C:\Windows\System32\gdi32full.dll
0x00007ffe36360000 - 0x00007ffe363fd000 	C:\Windows\System32\msvcp_win.dll
0x00007ffe38130000 - 0x00007ffe38161000 	C:\Windows\System32\IMM32.DLL
0x00007ffe1d980000 - 0x00007ffe1da1d000 	C:\Program Files\Android\Android Studio1\jre\bin\msvcp140.dll
0x00007ffdceac0000 - 0x00007ffdcf5c2000 	C:\Program Files\Android\Android Studio1\jre\bin\server\jvm.dll
0x00007ffe36b00000 - 0x00007ffe36bac000 	C:\Windows\System32\ADVAPI32.dll
0x00007ffe36610000 - 0x00007ffe366ad000 	C:\Windows\System32\sechost.dll
0x00007ffe36bb0000 - 0x00007ffe36cd1000 	C:\Windows\System32\RPCRT4.dll
0x00007ffe37b90000 - 0x00007ffe37b98000 	C:\Windows\System32\PSAPI.DLL
0x00007ffe13180000 - 0x00007ffe13189000 	C:\Windows\SYSTEM32\WSOCK32.dll
0x00007ffe30bf0000 - 0x00007ffe30bfa000 	C:\Windows\SYSTEM32\VERSION.dll
0x00007ffe0f990000 - 0x00007ffe0f9c3000 	C:\Windows\SYSTEM32\WINMM.dll
0x00007ffe37c00000 - 0x00007ffe37c6f000 	C:\Windows\System32\WS2_32.dll
0x00007ffe34e00000 - 0x00007ffe34e18000 	C:\Windows\SYSTEM32\kernel.appcore.dll
0x00007ffe32840000 - 0x00007ffe32851000 	C:\Program Files\Android\Android Studio1\jre\bin\verify.dll
0x00007ffe24030000 - 0x00007ffe24251000 	C:\Windows\SYSTEM32\DBGHELP.DLL
0x00007ffe22950000 - 0x00007ffe22981000 	C:\Windows\SYSTEM32\dbgcore.DLL
0x00007ffe362b0000 - 0x00007ffe36330000 	C:\Windows\System32\bcryptPrimitives.dll
0x00007ffe1e8c0000 - 0x00007ffe1e8e9000 	C:\Program Files\Android\Android Studio1\jre\bin\java.dll
0x00007ffe328c0000 - 0x00007ffe328cb000 	C:\Program Files\Android\Android Studio1\jre\bin\jimage.dll
0x00007ffe2a7c0000 - 0x00007ffe2a7d8000 	C:\Program Files\Android\Android Studio1\jre\bin\zip.dll

dbghelp: loaded successfully - version: 4.0.5 - missing functions: none
symbol engine: initialized successfully - sym options: 0x614 - pdb path: .;C:\Program Files\Android\Android Studio1\jre\bin;C:\Windows\SYSTEM32;C:\Windows\WinSxS\amd64_microsoft.windows.common-controls_6595b64144ccf1df_6.0.22000.120_none_9d947278b86cc467;C:\Program Files\Android\Android Studio1\jre\bin\server

VM Arguments:
java_command: git4idea.http.GitAskPassApp Username for 'https://github.com': 
java_class_path (initial): C:/Program Files/Android/Android Studio1/plugins/git4idea/lib/git4idea-rt.jar;C:/Program Files/Android/Android Studio1/lib/3rd-party.jar;C:/Program Files/Android/Android Studio1/lib/3rd-party-rt.jar
Launcher Type: SUN_STANDARD

[Global flags]
     intx CICompilerCount                          = 4                                         {product} {ergonomic}
     uint ConcGCThreads                            = 2                                         {product} {ergonomic}
     uint G1ConcRefinementThreads                  = 8                                         {product} {ergonomic}
   size_t G1HeapRegionSize                         = 1048576                                   {product} {ergonomic}
    uintx GCDrainStackTargetSize                   = 64                                        {product} {ergonomic}
   size_t InitialHeapSize                          = 132120576                                 {product} {ergonomic}
   size_t MarkStackSize                            = 4194304                                   {product} {ergonomic}
   size_t MaxHeapSize                              = 2101346304                                {product} {ergonomic}
   size_t MinHeapDeltaBytes                        = 1048576                                   {product} {ergonomic}
    uintx NonNMethodCodeHeapSize                   = 5836300                                {pd product} {ergonomic}
    uintx NonProfiledCodeHeapSize                  = 122910970                              {pd product} {ergonomic}
    uintx ProfiledCodeHeapSize                     = 122910970                              {pd product} {ergonomic}
    uintx ReservedCodeCacheSize                    = 251658240                              {pd product} {ergonomic}
     bool SegmentedCodeCache                       = true                                      {product} {ergonomic}
     bool UseCompressedClassPointers               = true                                 {lp64_product} {ergonomic}
     bool UseCompressedOops                        = true                                 {lp64_product} {ergonomic}
     bool UseG1GC                                  = true                                      {product} {ergonomic}
     bool UseLargePagesIndividualAllocation        = false                                  {pd product} {ergonomic}

Logging:
Log output configuration:
 #0: stdout all=warning uptime,level,tags
 #1: stderr all=off uptime,level,tags

Environment Variables:
PATH=C:/Program Files/Git/mingw64/libexec/git-core;C:/Program Files/Git/mingw64/libexec/git-core;C:\Program Files\Git\mingw64\bin;C:\Program Files\Git\usr\bin;C:\Users\Marwa\bin;C:\oraclexe\app\oracle\product\10.2.0\server\bin;C:\Python310\Scripts\;C:\Python310\;C:\Program Files\Common Files\Oracle\Java\javapath;C:\Windows\system32;C:\Windows;C:\Windows\System32\Wbem;C:\Windows\System32\WindowsPowerShell\v1.0\;C:\Windows\System32\OpenSSH\;C:\Users\Marwa\AppData\Roaming\nvm;C:\Program Files\nodejs;C:\Program Files\Git\cmd;C:\Program Files\Java\jdk-16.0.2\bin;C:\msys64\mingw64\bin;C:\xampp\php;C:\ProgramData\ComposerSetup\bin;C:\Users\Marwa\AppData\Local\Microsoft\WindowsApps;C:\Users\Marwa\AppData\Roaming\npm;C:\Users\Marwa\AppData\Local\Programs\Microsoft VS Code\bin;C:\Users\Marwa\AppData\Roaming\nvm;C:\Program Files\nodejs;C:\MinGW\bin;C:\Users\Marwa\AppData\Roaming\Composer\vendor\bin
USERNAME=Marwa
DISPLAY=:0.0
LC_ALL=en_US.UTF-8
OS=Windows_NT
PROCESSOR_IDENTIFIER=Intel64 Family 6 Model 165 Stepping 2, GenuineIntel



---------------  S Y S T E M  ---------------

OS: Windows 11 , 64 bit Build 22000 (10.0.22000.120)
OS uptime: 2 days 12:47 hours

CPU:total 8 (initial active 8) (4 cores per cpu, 2 threads per core) family 6 model 165 stepping 2 microcode 0xe0, cmov, cx8, fxsr, mmx, sse, sse2, sse3, ssse3, sse4.1, sse4.2, popcnt, avx, avx2, aes, clmul, erms, 3dnowpref, lzcnt, ht, tsc, tscinvbit, bmi1, bmi2, adx, fma

Memory: 4k page, system-wide physical 8010M (332M free)
TotalPageFile size 10058M (AvailPageFile size 3M)
current process WorkingSet (physical memory assigned to process): 12M, peak: 12M
current process commit charge ("private bytes"): 189M, peak: 189M

vm_info: OpenJDK 64-Bit Server VM (11.0.13+0-b1751.21-8125866) for windows-amd64 JRE (11.0.13+0-b1751.21-8125866), built on Feb  2 2022 03:00:22 by "builder" with MS VC++ 14.0 (VS2015)

END.
